<?xml version="1.0" encoding="UTF-8"?>
<!-- Generated by org.testng.reporters.JUnitReportReporter -->
<testsuite hostname="AD4-Hydrology" failures="0" tests="1" name="testing.FirstClass" time="16.559" errors="0" timestamp="2021-11-23T10:23:31 IST" skipped="0">
  <testcase classname="testing.FirstClass" name="firstClass" time="16.559"/>
  <system-out/>
</testsuite> <!-- testing.FirstClass -->
