<?xml version="1.0" encoding="UTF-8"?>
<!-- Generated by org.testng.reporters.JUnitReportReporter -->
<testsuite hostname="AD4-Hydrology" failures="0" tests="1" name="testing.FirstClass" time="16.591" errors="0" timestamp="23 Nov 2021 04:57:14 GMT">
  <testcase classname="testing.FirstClass" name="firstClass" time="16.591"/>
</testsuite> <!-- testing.FirstClass -->
